current directory: /Users/endotakeru/do_it_3/.bundle/ruby/3.2.0/gems/date-3.3.4/ext/date
/Users/endotakeru/.rbenv/versions/3.2.2/bin/ruby extconf.rb
checking for rb_category_warn()... yes
checking for timezone in time.h with  -Werror... yes
checking for altzone in time.h with  -Werror... no
creating Makefile

current directory: /Users/endotakeru/do_it_3/.bundle/ruby/3.2.0/gems/date-3.3.4/ext/date
make DESTDIR\= sitearchdir\=./.gem.20240219-2676-1rxdhc sitelibdir\=./.gem.20240219-2676-1rxdhc clean

current directory: /Users/endotakeru/do_it_3/.bundle/ruby/3.2.0/gems/date-3.3.4/ext/date
make DESTDIR\= sitearchdir\=./.gem.20240219-2676-1rxdhc sitelibdir\=./.gem.20240219-2676-1rxdhc
compiling date_core.c
compiling date_parse.c
compiling date_strftime.c
compiling date_strptime.c
linking shared-object date_core.bundle

current directory: /Users/endotakeru/do_it_3/.bundle/ruby/3.2.0/gems/date-3.3.4/ext/date
make DESTDIR\= sitearchdir\=./.gem.20240219-2676-1rxdhc sitelibdir\=./.gem.20240219-2676-1rxdhc install
/usr/bin/install -c -m 0755 date_core.bundle ./.gem.20240219-2676-1rxdhc

current directory: /Users/endotakeru/do_it_3/.bundle/ruby/3.2.0/gems/date-3.3.4/ext/date
make DESTDIR\= sitearchdir\=./.gem.20240219-2676-1rxdhc sitelibdir\=./.gem.20240219-2676-1rxdhc clean
